# JRE version: OpenJDK Runtime Environment Temurin-17.0.8.1+1 (17.0.8.1+1) (build 17.0.8.1+1)
# Java VM: OpenJDK 64-Bit Server VM Temurin-17.0.8.1+1 (17.0.8.1+1, mixed mode, tiered, compressed oops, compressed class ptrs, g1 gc, windows-amd64)
GC Precious Log:
 CPUs: 4 total, 4 available
 Memory: 3790M
 Large Page Support: Disabled
 NUMA Support: Disabled
 Compressed Oops: Enabled (32-bit)
 Heap Region Size: 1M
 Heap Min Capacity: 8M
 Heap Initial Capacity: 60M
 Heap Max Capacity: 948M
 Pre-touch: Disabled
 Parallel Workers: 4
 Concurrent Workers: 1
 Concurrent Refinement Workers: 4
 Periodic GC: Disabled
Heap:
 garbage-first heap   total 45056K, used 30194K [0x00000000c4c00000, 0x0000000100000000)
  region size 1024K, 7 young (7168K), 1 survivors (1024K)
 Metaspace       used 70093K, committed 70592K, reserved 1114112K
  class space    used 9069K, committed 9280K, reserved 1048576K
GC Heap History (20 events):
Event: 10.279 GC heap before
{Heap before GC invocations=17 (full 0):
 garbage-first heap   total 37888K, used 28529K [0x00000000c4c00000, 0x0000000100000000)
  region size 1024K, 12 young (12288K), 2 survivors (2048K)
 Metaspace       used 44870K, committed 45312K, reserved 1114112K
  class space    used 5491K, committed 5696K, reserved 1048576K
}
Event: 10.283 GC heap after
{Heap after GC invocations=18 (full 0):
 garbage-first heap   total 37888K, used 20032K [0x00000000c4c00000, 0x0000000100000000)
  region size 1024K, 2 young (2048K), 2 survivors (2048K)
 Metaspace       used 44870K, committed 45312K, reserved 1114112K
  class space    used 5491K, committed 5696K, reserved 1048576K
}
Event: 11.933 GC heap before
{Heap before GC invocations=19 (full 0):
 garbage-first heap   total 37888K, used 28224K [0x00000000c4c00000, 0x0000000100000000)
  region size 1024K, 11 young (11264K), 2 survivors (2048K)
 Metaspace       used 50906K, committed 51392K, reserved 1114112K
  class space    used 6218K, committed 6464K, reserved 1048576K
}
Event: 11.936 GC heap after
{Heap after GC invocations=20 (full 0):
 garbage-first heap   total 37888K, used 21380K [0x00000000c4c00000, 0x0000000100000000)
  region size 1024K, 2 young (2048K), 2 survivors (2048K)
 Metaspace       used 50906K, committed 51392K, reserved 1114112K
  class space    used 6218K, committed 6464K, reserved 1048576K
}
Event: 12.379 GC heap before
{Heap before GC invocations=20 (full 0):
 garbage-first heap   total 37888K, used 30596K [0x00000000c4c00000, 0x0000000100000000)
  region size 1024K, 11 young (11264K), 2 survivors (2048K)
 Metaspace       used 53078K, committed 53504K, reserved 1114112K
  class space    used 6525K, committed 6720K, reserved 1048576K
}
Event: 12.388 GC heap after
{Heap after GC invocations=21 (full 0):
 garbage-first heap   total 37888K, used 21998K [0x00000000c4c00000, 0x0000000100000000)
  region size 1024K, 1 young (1024K), 1 survivors (1024K)
 Metaspace       used 53078K, committed 53504K, reserved 1114112K
  class space    used 6525K, committed 6720K, reserved 1048576K
}
Event: 12.700 GC heap before
{Heap before GC invocations=22 (full 0):
 garbage-first heap   total 39936K, used 30190K [0x00000000c4c00000, 0x0000000100000000)
  region size 1024K, 9 young (9216K), 1 survivors (1024K)
 Metaspace       used 54717K, committed 55168K, reserved 1114112K
  class space    used 6748K, committed 6976K, reserved 1048576K
}
Event: 12.703 GC heap after
{Heap after GC invocations=23 (full 0):
 garbage-first heap   total 39936K, used 22670K [0x00000000c4c00000, 0x0000000100000000)
  region size 1024K, 2 young (2048K), 2 survivors (2048K)
 Metaspace       used 54717K, committed 55168K, reserved 1114112K
  class space    used 6748K, committed 6976K, reserved 1048576K
}
Event: 13.193 GC heap before
{Heap before GC invocations=23 (full 0):
 garbage-first heap   total 39936K, used 31886K [0x00000000c4c00000, 0x0000000100000000)
  region size 1024K, 11 young (11264K), 2 survivors (2048K)
 Metaspace       used 57280K, committed 57792K, reserved 1114112K
  class space    used 7067K, committed 7296K, reserved 1048576K
}
Event: 13.196 GC heap after
{Heap after GC invocations=24 (full 0):
 garbage-first heap   total 39936K, used 23094K [0x00000000c4c00000, 0x0000000100000000)
  region size 1024K, 2 young (2048K), 2 survivors (2048K)
 Metaspace       used 57280K, committed 57792K, reserved 1114112K
  class space    used 7067K, committed 7296K, reserved 1048576K
}
Event: 13.501 GC heap before
{Heap before GC invocations=25 (full 0):
 garbage-first heap   total 45056K, used 30262K [0x00000000c4c00000, 0x0000000100000000)
  region size 1024K, 10 young (10240K), 2 survivors (2048K)
 Metaspace       used 60480K, committed 60928K, reserved 1114112K
  class space    used 7588K, committed 7808K, reserved 1048576K
}
Event: 13.504 GC heap after
{Heap after GC invocations=26 (full 0):
 garbage-first heap   total 45056K, used 23439K [0x00000000c4c00000, 0x0000000100000000)
  region size 1024K, 1 young (1024K), 1 survivors (1024K)
 Metaspace       used 60480K, committed 60928K, reserved 1114112K
  class space    used 7588K, committed 7808K, reserved 1048576K
}
Event: 14.082 GC heap before
{Heap before GC invocations=26 (full 0):
 garbage-first heap   total 45056K, used 35727K [0x00000000c4c00000, 0x0000000100000000)
  region size 1024K, 13 young (13312K), 1 survivors (1024K)
 Metaspace       used 62934K, committed 63360K, reserved 1114112K
  class space    used 8042K, committed 8256K, reserved 1048576K
}
Event: 14.086 GC heap after
{Heap after GC invocations=27 (full 0):
 garbage-first heap   total 45056K, used 23910K [0x00000000c4c00000, 0x0000000100000000)
  region size 1024K, 2 young (2048K), 2 survivors (2048K)
 Metaspace       used 62934K, committed 63360K, reserved 1114112K
  class space    used 8042K, committed 8256K, reserved 1048576K
}
Event: 14.611 GC heap before
{Heap before GC invocations=28 (full 0):
 garbage-first heap   total 45056K, used 34150K [0x00000000c4c00000, 0x0000000100000000)
  region size 1024K, 13 young (13312K), 2 survivors (2048K)
 Metaspace       used 65726K, committed 66240K, reserved 1114112K
  class space    used 8490K, committed 8704K, reserved 1048576K
}
Event: 14.613 GC heap after
{Heap after GC invocations=29 (full 0):
 garbage-first heap   total 45056K, used 24397K [0x00000000c4c00000, 0x0000000100000000)
  region size 1024K, 2 young (2048K), 2 survivors (2048K)
 Metaspace       used 65726K, committed 66240K, reserved 1114112K
  class space    used 8490K, committed 8704K, reserved 1048576K
}
Event: 15.723 GC heap before
{Heap before GC invocations=29 (full 0):
 garbage-first heap   total 45056K, used 34637K [0x00000000c4c00000, 0x0000000100000000)
  region size 1024K, 13 young (13312K), 2 survivors (2048K)
 Metaspace       used 67984K, committed 68480K, reserved 1114112K
  class space    used 8714K, committed 8960K, reserved 1048576K
}
Event: 15.728 GC heap after
{Heap after GC invocations=30 (full 0):
 garbage-first heap   total 45056K, used 25390K [0x00000000c4c00000, 0x0000000100000000)
  region size 1024K, 2 young (2048K), 2 survivors (2048K)
 Metaspace       used 67984K, committed 68480K, reserved 1114112K
  class space    used 8714K, committed 8960K, reserved 1048576K
}
Event: 16.055 GC heap before
{Heap before GC invocations=31 (full 0):
 garbage-first heap   total 45056K, used 36654K [0x00000000c4c00000, 0x0000000100000000)
  region size 1024K, 13 young (13312K), 2 survivors (2048K)
 Metaspace       used 68905K, committed 69504K, reserved 1114112K
  class space    used 8893K, committed 9152K, reserved 1048576K
}
Event: 16.060 GC heap after
{Heap after GC invocations=32 (full 0):
 garbage-first heap   total 45056K, used 26098K [0x00000000c4c00000, 0x0000000100000000)
  region size 1024K, 1 young (1024K), 1 survivors (1024K)
 Metaspace       used 68905K, committed 69504K, reserved 1114112K
  class space    used 8893K, committed 9152K, reserved 1048576K
}

