# JRE version: OpenJDK Runtime Environment Temurin-17.0.8.1+1 (17.0.8.1+1) (build 17.0.8.1+1)
# Java VM: OpenJDK 64-Bit Server VM Temurin-17.0.8.1+1 (17.0.8.1+1, mixed mode, tiered, compressed oops, compressed class ptrs, g1 gc, windows-amd64)
GC Precious Log:
 CPUs: 4 total, 4 available
 Memory: 3790M
 Large Page Support: Disabled
 NUMA Support: Disabled
 Compressed Oops: Enabled (32-bit)
 Heap Region Size: 1M
 Heap Min Capacity: 8M
 Heap Initial Capacity: 60M
 Heap Max Capacity: 948M
 Pre-touch: Disabled
 Parallel Workers: 4
 Concurrent Workers: 1
 Concurrent Refinement Workers: 4
 Periodic GC: Disabled
Heap:
 garbage-first heap   total 55296K, used 32676K [0x00000000c4c00000, 0x0000000100000000)
  region size 1024K, 7 young (7168K), 2 survivors (2048K)
 Metaspace       used 74569K, committed 75136K, reserved 1179648K
  class space    used 9665K, committed 9920K, reserved 1048576K
GC Heap History (20 events):
Event: 8.717 GC heap before
{Heap before GC invocations=20 (full 0):
 garbage-first heap   total 39936K, used 32679K [0x00000000c4c00000, 0x0000000100000000)
  region size 1024K, 13 young (13312K), 2 survivors (2048K)
 Metaspace       used 53671K, committed 54144K, reserved 1114112K
  class space    used 6609K, committed 6848K, reserved 1048576K
}
Event: 8.721 GC heap after
{Heap after GC invocations=21 (full 0):
 garbage-first heap   total 39936K, used 22154K [0x00000000c4c00000, 0x0000000100000000)
  region size 1024K, 1 young (1024K), 1 survivors (1024K)
 Metaspace       used 53671K, committed 54144K, reserved 1114112K
  class space    used 6609K, committed 6848K, reserved 1048576K
}
Event: 8.933 GC heap before
{Heap before GC invocations=22 (full 0):
 garbage-first heap   total 40960K, used 32394K [0x00000000c4c00000, 0x0000000100000000)
  region size 1024K, 11 young (11264K), 1 survivors (1024K)
 Metaspace       used 55801K, committed 56256K, reserved 1114112K
  class space    used 6874K, committed 7104K, reserved 1048576K
}
Event: 8.936 GC heap after
{Heap after GC invocations=23 (full 0):
 garbage-first heap   total 40960K, used 22907K [0x00000000c4c00000, 0x0000000100000000)
  region size 1024K, 2 young (2048K), 2 survivors (2048K)
 Metaspace       used 55801K, committed 56256K, reserved 1114112K
  class space    used 6874K, committed 7104K, reserved 1048576K
}
Event: 9.127 GC heap before
{Heap before GC invocations=23 (full 0):
 garbage-first heap   total 40960K, used 32123K [0x00000000c4c00000, 0x0000000100000000)
  region size 1024K, 12 young (12288K), 2 survivors (2048K)
 Metaspace       used 59135K, committed 59584K, reserved 1114112K
  class space    used 7395K, committed 7616K, reserved 1048576K
}
Event: 9.131 GC heap after
{Heap after GC invocations=24 (full 0):
 garbage-first heap   total 40960K, used 23519K [0x00000000c4c00000, 0x0000000100000000)
  region size 1024K, 2 young (2048K), 2 survivors (2048K)
 Metaspace       used 59135K, committed 59584K, reserved 1114112K
  class space    used 7395K, committed 7616K, reserved 1048576K
}
Event: 9.374 GC heap before
{Heap before GC invocations=25 (full 0):
 garbage-first heap   total 43008K, used 31711K [0x00000000c4c00000, 0x0000000100000000)
  region size 1024K, 11 young (11264K), 2 survivors (2048K)
 Metaspace       used 61687K, committed 62144K, reserved 1114112K
  class space    used 7854K, committed 8064K, reserved 1048576K
}
Event: 9.376 GC heap after
{Heap after GC invocations=26 (full 0):
 garbage-first heap   total 43008K, used 23775K [0x00000000c4c00000, 0x0000000100000000)
  region size 1024K, 1 young (1024K), 1 survivors (1024K)
 Metaspace       used 61687K, committed 62144K, reserved 1114112K
  class space    used 7854K, committed 8064K, reserved 1048576K
}
Event: 9.571 GC heap before
{Heap before GC invocations=26 (full 0):
 garbage-first heap   total 43008K, used 32991K [0x00000000c4c00000, 0x0000000100000000)
  region size 1024K, 11 young (11264K), 1 survivors (1024K)
 Metaspace       used 63781K, committed 64320K, reserved 1114112K
  class space    used 8178K, committed 8448K, reserved 1048576K
}
Event: 9.573 GC heap after
{Heap after GC invocations=27 (full 0):
 garbage-first heap   total 43008K, used 24139K [0x00000000c4c00000, 0x0000000100000000)
  region size 1024K, 2 young (2048K), 2 survivors (2048K)
 Metaspace       used 63781K, committed 64320K, reserved 1114112K
  class space    used 8178K, committed 8448K, reserved 1048576K
}
Event: 9.904 GC heap before
{Heap before GC invocations=28 (full 0):
 garbage-first heap   total 46080K, used 34379K [0x00000000c4c00000, 0x0000000100000000)
  region size 1024K, 12 young (12288K), 2 survivors (2048K)
 Metaspace       used 66357K, committed 66944K, reserved 1114112K
  class space    used 8562K, committed 8832K, reserved 1048576K
}
Event: 9.909 GC heap after
{Heap after GC invocations=29 (full 0):
 garbage-first heap   total 46080K, used 24536K [0x00000000c4c00000, 0x0000000100000000)
  region size 1024K, 2 young (2048K), 2 survivors (2048K)
 Metaspace       used 66357K, committed 66944K, reserved 1114112K
  class space    used 8562K, committed 8832K, reserved 1048576K
}
Event: 10.579 GC heap before
{Heap before GC invocations=29 (full 0):
 garbage-first heap   total 46080K, used 37848K [0x00000000c4c00000, 0x0000000100000000)
  region size 1024K, 15 young (15360K), 2 survivors (2048K)
 Metaspace       used 68765K, committed 69312K, reserved 1114112K
  class space    used 8846K, committed 9088K, reserved 1048576K
}
Event: 10.585 GC heap after
{Heap after GC invocations=30 (full 0):
 garbage-first heap   total 55296K, used 25794K [0x00000000c4c00000, 0x0000000100000000)
  region size 1024K, 2 young (2048K), 2 survivors (2048K)
 Metaspace       used 68765K, committed 69312K, reserved 1114112K
  class space    used 8846K, committed 9088K, reserved 1048576K
}
Event: 10.956 GC heap before
{Heap before GC invocations=31 (full 0):
 garbage-first heap   total 55296K, used 44226K [0x00000000c4c00000, 0x0000000100000000)
  region size 1024K, 20 young (20480K), 2 survivors (2048K)
 Metaspace       used 70086K, committed 70656K, reserved 1114112K
  class space    used 9058K, committed 9344K, reserved 1048576K
}
Event: 10.960 GC heap after
{Heap after GC invocations=32 (full 0):
 garbage-first heap   total 55296K, used 26681K [0x00000000c4c00000, 0x0000000100000000)
  region size 1024K, 3 young (3072K), 3 survivors (3072K)
 Metaspace       used 70086K, committed 70656K, reserved 1114112K
  class space    used 9058K, committed 9344K, reserved 1048576K
}
Event: 11.956 GC heap before
{Heap before GC invocations=32 (full 0):
 garbage-first heap   total 55296K, used 43065K [0x00000000c4c00000, 0x0000000100000000)
  region size 1024K, 19 young (19456K), 3 survivors (3072K)
 Metaspace       used 71715K, committed 72256K, reserved 1114112K
  class space    used 9287K, committed 9536K, reserved 1048576K
}
Event: 11.963 GC heap after
{Heap after GC invocations=33 (full 0):
 garbage-first heap   total 55296K, used 28302K [0x00000000c4c00000, 0x0000000100000000)
  region size 1024K, 3 young (3072K), 3 survivors (3072K)
 Metaspace       used 71715K, committed 72256K, reserved 1114112K
  class space    used 9287K, committed 9536K, reserved 1048576K
}
Event: 31.988 GC heap before
{Heap before GC invocations=34 (full 0):
 garbage-first heap   total 55296K, used 43662K [0x00000000c4c00000, 0x0000000100000000)
  region size 1024K, 18 young (18432K), 3 survivors (3072K)
 Metaspace       used 73410K, committed 73984K, reserved 1114112K
  class space    used 9520K, committed 9792K, reserved 1048576K
}
Event: 32.129 GC heap after
{Heap after GC invocations=35 (full 0):
 garbage-first heap   total 55296K, used 29604K [0x00000000c4c00000, 0x0000000100000000)
  region size 1024K, 2 young (2048K), 2 survivors (2048K)
 Metaspace       used 73410K, committed 73984K, reserved 1114112K
  class space    used 9520K, committed 9792K, reserved 1048576K
}

